<?xml version="1.0" encoding="UTF-8"?>
<testsuite name="example1.HelloWorldUnitTest" tests="1" skipped="0" failures="0" errors="0" timestamp="2016-12-06T18:58:11" hostname="AmanGaur" time="0.012">
  <properties/>
  <testcase name="test" classname="example1.HelloWorldUnitTest" time="0.012"/>
  <system-out><![CDATA[coveredByUnitTest1
coveredByUnitTest2
]]></system-out>
  <system-err><![CDATA[]]></system-err>
</testsuite>
